Using pre-set license
Built from '2020.2/staging' branch; Version is '2020.2.3f1 (8ff31bc5bf5b) revision 9433883'; Using compiler version '192528614'; Build Type 'Release'
OS: 'Windows 10 Home; OS build 19041.928; Version 2004; 64bit' Language: 'en' Physical Memory: 16326 MB
BatchMode: 1, IsHumanControllingUs: 0, StartBugReporterOnCrash: 0, Is64bit: 1, IsPro: 0

 COMMAND LINE ARGUMENTS:
C:\Program Files\Unity\Hub\Editor\2020.2.3f1\Editor\Unity.exe
-adb2
-batchMode
-noUpm
-name
AssetImportWorker0
-projectPath
C:/Users/Joshua Verhoeff/Documents/Year4_Semester_1/Interactive_Media/lab-07-08-09-10-J-Verhoeff/3D_FPS
-logFile
Logs/AssetImportWorker0.log
-srvPort
58139
Successfully changed project path to: C:/Users/Joshua Verhoeff/Documents/Year4_Semester_1/Interactive_Media/lab-07-08-09-10-J-Verhoeff/3D_FPS
C:/Users/Joshua Verhoeff/Documents/Year4_Semester_1/Interactive_Media/lab-07-08-09-10-J-Verhoeff/3D_FPS
Using Asset Import Pipeline V2.
Refreshing native plugins compatible for Editor in 45.32 ms, found 0 plugins.
Preloading 0 native plugins for Editor in 0.00 ms.
Initialize engine version: 2020.2.3f1 (8ff31bc5bf5b)
[Subsystems] Discovering subsystems at path C:/Program Files/Unity/Hub/Editor/2020.2.3f1/Editor/Data/Resources/UnitySubsystems
[Subsystems] Discovering subsystems at path C:/Users/Joshua Verhoeff/Documents/Year4_Semester_1/Interactive_Media/lab-07-08-09-10-J-Verhoeff/3D_FPS/Assets
GfxDevice: creating device client; threaded=0
Direct3D:
    Version:  Direct3D 11.0 [level 11.1]
    Renderer: NVIDIA GeForce RTX 2060 SUPER (ID=0x1f06)
    Vendor:   
    VRAM:     8031 MB
    Driver:   27.21.14.6611
Initialize mono
Mono path[0] = 'C:/Program Files/Unity/Hub/Editor/2020.2.3f1/Editor/Data/Managed'
Mono path[1] = 'C:/Program Files/Unity/Hub/Editor/2020.2.3f1/Editor/Data/MonoBleedingEdge/lib/mono/unityjit'
Mono config path = 'C:/Program Files/Unity/Hub/Editor/2020.2.3f1/Editor/Data/MonoBleedingEdge/etc'
Using monoOptions --debugger-agent=transport=dt_socket,embedding=1,server=y,suspend=n,address=127.0.0.1:56772
Begin MonoManager ReloadAssembly
Registering precompiled unity dll's ...
Register platform support module: C:/Program Files/Unity/Hub/Editor/2020.2.3f1/Editor/Data/PlaybackEngines/WindowsStandaloneSupport/UnityEditor.WindowsStandalone.Extensions.dll
Registered in 0.001837 seconds.
Native extension for WindowsStandalone target not found
Refreshing native plugins compatible for Editor in 42.13 ms, found 0 plugins.
Preloading 0 native plugins for Editor in 0.00 ms.
Invoked RoslynAnalysisRunner static constructor.
RoslynAnalysisRunner will not be running.
RoslynAnalysisRunner has terminated.
Mono: successfully reloaded assembly
- Completed reload, in  0.900 seconds
Platform modules already initialized, skipping
Registering precompiled user dll's ...
Registered in 0.001288 seconds.
Begin MonoManager ReloadAssembly
Native extension for WindowsStandalone target not found
Refreshing native plugins compatible for Editor in 43.07 ms, found 0 plugins.
Preloading 0 native plugins for Editor in 0.00 ms.
Invoked RoslynAnalysisRunner static constructor.
RoslynAnalysisRunner will not be running.
RoslynAnalysisRunner has terminated.
Mono: successfully reloaded assembly
- Completed reload, in  0.925 seconds
Platform modules already initialized, skipping
========================================================================
Worker process is ready to serve import requests
Shader 'Universal Render Pipeline/Particles/Lit': fallback shader 'Universal Render Pipeline/Particles/SimpleLit' not found
Shader 'Universal Render Pipeline/Particles/Lit': fallback shader 'Universal Render Pipeline/Particles/SimpleLit' not found
Launched and connected shader compiler UnityShaderCompiler.exe after 0.03 seconds
Refreshing native plugins compatible for Editor in 0.47 ms, found 0 plugins.
Preloading 0 native plugins for Editor in 0.00 ms.
Unloading 2965 Unused Serialized files (Serialized files now loaded: 0)
System memory in use before: 138.6 MB.
System memory in use after: 136.6 MB.

Unloading 156 unused Assets to reduce memory usage. Loaded Objects now: 3370.
Total: 9.634400 ms (FindLiveObjects: 0.675300 ms CreateObjectMapping: 0.432400 ms MarkObjects: 5.469200 ms  DeleteObjects: 3.055100 ms)

========================================================================
Received Import Request.
  path: Assets/Scenes/Office.unity
  artifactKey: Guid(797e310af479e6740ad254ec24f83d7e) Importer(815301076,1909f56bfc062723c751e8b465ee728b)
Start importing Assets/Scenes/Office.unity using Guid(797e310af479e6740ad254ec24f83d7e) Importer(815301076,1909f56bfc062723c751e8b465ee728b)  -> (artifact id: 'c201bdfed4fd0c8a7398d650c3bc9b22') in 0.028635 seconds
  Import took 0.042653 seconds .

========================================================================
Received Import Request.
  Time since last request: 25.362237 seconds.
  path: Assets/AssetStoreOriginals/_SNAPS_PrototypingAssets/ModernOffice_Interior/Prefabs/Structure/Pillars/Meshes/Neo_Pillar_01_L_snaps001.asset
  artifactKey: Guid(38bcda853613245478f7e1b941f3d1c3) Importer(815301076,1909f56bfc062723c751e8b465ee728b)
Start importing Assets/AssetStoreOriginals/_SNAPS_PrototypingAssets/ModernOffice_Interior/Prefabs/Structure/Pillars/Meshes/Neo_Pillar_01_L_snaps001.asset using Guid(38bcda853613245478f7e1b941f3d1c3) Importer(815301076,1909f56bfc062723c751e8b465ee728b)  -> (artifact id: '55c3d676c12bf738bd1155a674a5b19c') in 0.086737 seconds
  Import took 0.091316 seconds .

========================================================================
Received Import Request.
  Time since last request: 0.000231 seconds.
  path: Assets/AssetStoreOriginals/modularRalingSet/materials/mrs_paintedMetal.mat
  artifactKey: Guid(064e9ec120398f04e93be9bc0954744c) Importer(815301076,1909f56bfc062723c751e8b465ee728b)
Start importing Assets/AssetStoreOriginals/modularRalingSet/materials/mrs_paintedMetal.mat using Guid(064e9ec120398f04e93be9bc0954744c) Importer(815301076,1909f56bfc062723c751e8b465ee728b)  -> (artifact id: 'a9f44a47c1c57f4b44989a9cdd09f0d8') in 0.319265 seconds
  Import took 0.325582 seconds .

========================================================================
Received Import Request.
  Time since last request: 0.000150 seconds.
  path: Assets/Scenes/Office/NavMesh.asset
  artifactKey: Guid(2612ffe3fa8102048bbbfa179d597622) Importer(815301076,1909f56bfc062723c751e8b465ee728b)
Start importing Assets/Scenes/Office/NavMesh.asset using Guid(2612ffe3fa8102048bbbfa179d597622) Importer(815301076,1909f56bfc062723c751e8b465ee728b)  -> (artifact id: '96925691046a1ffd5cb27c03476e711c') in 0.002474 seconds
  Import took 0.007206 seconds .

========================================================================
Received Import Request.
  Time since last request: 71.352451 seconds.
  path: Assets/TextMesh Pro/Shaders/TMP_SDF-Mobile.shader
  artifactKey: Guid(fe393ace9b354375a9cb14cdbbc28be4) Importer(815301076,1909f56bfc062723c751e8b465ee728b)
Start importing Assets/TextMesh Pro/Shaders/TMP_SDF-Mobile.shader using Guid(fe393ace9b354375a9cb14cdbbc28be4) Importer(815301076,1909f56bfc062723c751e8b465ee728b)  -> (artifact id: 'b32ffc6cda1691970dfe7f4880dd3c67') in 0.003011 seconds
  Import took 0.007719 seconds .

========================================================================
Received Import Request.
  Time since last request: 0.115486 seconds.
  path: Assets/TextMesh Pro/Shaders/TMPro_Properties.cginc
  artifactKey: Guid(3997e2241185407d80309a82f9148466) Importer(815301076,1909f56bfc062723c751e8b465ee728b)
Start importing Assets/TextMesh Pro/Shaders/TMPro_Properties.cginc using Guid(3997e2241185407d80309a82f9148466) Importer(815301076,1909f56bfc062723c751e8b465ee728b)  -> (artifact id: '257427241472f718f67d775f3df2605d') in 0.003138 seconds
  Import took 0.007249 seconds .

========================================================================
Received Import Request.
  Time since last request: 0.011203 seconds.
  path: Assets/TextMesh Pro/Resources/Fonts & Materials/LiberationSans SDF.asset
  artifactKey: Guid(8f586378b4e144a9851e7b34d9b748ee) Importer(815301076,1909f56bfc062723c751e8b465ee728b)
Start importing Assets/TextMesh Pro/Resources/Fonts & Materials/LiberationSans SDF.asset using Guid(8f586378b4e144a9851e7b34d9b748ee) Importer(815301076,1909f56bfc062723c751e8b465ee728b)  -> (artifact id: 'e1a9403c331b3a85d403b2a7f844b776') in 0.051254 seconds
  Import took 0.055282 seconds .

========================================================================
Received Import Request.
  Time since last request: 0.129340 seconds.
  path: Assets/TextMesh Pro/Resources/Fonts & Materials/LiberationSans SDF - Fallback.asset
  artifactKey: Guid(2e498d1c8094910479dc3e1b768306a4) Importer(815301076,1909f56bfc062723c751e8b465ee728b)
Start importing Assets/TextMesh Pro/Resources/Fonts & Materials/LiberationSans SDF - Fallback.asset using Guid(2e498d1c8094910479dc3e1b768306a4) Importer(815301076,1909f56bfc062723c751e8b465ee728b)  -> (artifact id: '22225140a4af5bfbabc0f56aea090188') in 0.010792 seconds
  Import took 0.014848 seconds .

========================================================================
Received Import Request.
  Time since last request: 0.162729 seconds.
  path: Assets/TextMesh Pro/Fonts/LiberationSans.ttf
  artifactKey: Guid(e3265ab4bf004d28a9537516768c1c75) Importer(815301076,1909f56bfc062723c751e8b465ee728b)
Start importing Assets/TextMesh Pro/Fonts/LiberationSans.ttf using Guid(e3265ab4bf004d28a9537516768c1c75) Importer(815301076,1909f56bfc062723c751e8b465ee728b)  -> (artifact id: '8911738c58e1f62d27cb48862783c6df') in 0.018286 seconds
  Import took 0.022849 seconds .

AssetImportWorkerClient::OnTransportError - code=2 error=End of file
